Notion 데이터베이스에서 설정을 확인합니다...
반려견 정보 데이터베이스 발견: 2f50d907-031e-8160-940a-f3df2e95ea51
DB에서 설정 로드: {'pet_name': '우유', 'birthday': '2013-09-30'}
텍스트 설정 블록을 확인합니다...
텍스트 설정 발견: {'pet_name': '우유', 'birthday': '2013-09-30'}
최종 설정: 우유, 2013-09-30
Scanning page for target blocks (Smart Find)...
Found Age Block: 2f50d907-031e-8109-a057-fd9481205f0e
Found Season Block: 2f50d907-031e-80ac-b75a-ebafb9b3261e
Updated Age Block successfully.
Updated Season Block successfully.
^CNotion 데이터베이스에서 설정을 확인합니다...
텍스트 설정 블록을 확인합니다...
텍스트 설정 발견: {'pet_name': '우유', 'birthday': '2013-09-30'}
최종 설정: 우유, 2013-09-30
Scanning page for target blocks (Smart Find)...
Found Age Block: 2f50d907-031e-8109-a057-fd9481205f0e
Found Season Block: 2f50d907-031e-80ac-b75a-ebafb9b3261e
Updated Age Block successfully.
Updated Season Block successfully.
Notion 데이터베이스에서 설정을 확인합니다...
텍스트 설정 블록을 확인합니다...
Failed to create settings parent block: {"object":"error","status":401,"code":"unauthorized","message":"API token is invalid.","request_id":"b31cae28-bb00-44c2-9964-c52a855e9d4e"}
최종 설정: 우유, 2013-09-30
Scanning page for target blocks (Smart Find)...
Could not find targets. Age: None, Season: None
Notion 데이터베이스에서 설정을 확인합니다...
DB 검색 실패: HTTPSConnectionPool(host='api.notion.com', port=443): Max retries exceeded with url: /v1/blocks/2f30d907031e80cf99dde75385b67a72/children (Caused by NameResolutionError("HTTPSConnection(host='api.notion.com', port=443): Failed to resolve 'api.notion.com' ([Errno 11001] getaddrinfo failed)"))
텍스트 설정 블록을 확인합니다...
Config scan error: HTTPSConnectionPool(host='api.notion.com', port=443): Max retries exceeded with url: /v1/blocks/2f30d907031e80cf99dde75385b67a72/children (Caused by NameResolutionError("HTTPSConnection(host='api.notion.com', port=443): Failed to resolve 'api.notion.com' ([Errno 11001] getaddrinfo failed)"))
Traceback (most recent call last):
  File "C:\Users\liven\AppData\Local\Programs\Python\Python311\Lib\site-packages\urllib3\connection.py", line 204, in _new_conn
    sock = connection.create_connection(
           ^^^^^^^^^^^^^^^^^^^^^^^^^^^^^
  File "C:\Users\liven\AppData\Local\Programs\Python\Python311\Lib\site-packages\urllib3\util\connection.py", line 60, in create_connection
    for res in socket.getaddrinfo(host, port, family, socket.SOCK_STREAM):
               ^^^^^^^^^^^^^^^^^^^^^^^^^^^^^^^^^^^^^^^^^^^^^^^^^^^^^^^^^^
  File "C:\Users\liven\AppData\Local\Programs\Python\Python311\Lib\socket.py", line 962, in getaddrinfo
    for res in _socket.getaddrinfo(host, port, family, type, proto, flags):
               ^^^^^^^^^^^^^^^^^^^^^^^^^^^^^^^^^^^^^^^^^^^^^^^^^^^^^^^^^^^
socket.gaierror: [Errno 11001] getaddrinfo failed

The above exception was the direct cause of the following exception:

Traceback (most recent call last):
  File "C:\Users\liven\AppData\Local\Programs\Python\Python311\Lib\site-packages\urllib3\connectionpool.py", line 787, in urlopen
    response = self._make_request(
               ^^^^^^^^^^^^^^^^^^^
  File "C:\Users\liven\AppData\Local\Programs\Python\Python311\Lib\site-packages\urllib3\connectionpool.py", line 488, in _make_request
    raise new_e
  File "C:\Users\liven\AppData\Local\Programs\Python\Python311\Lib\site-packages\urllib3\connectionpool.py", line 464, in _make_request
    self._validate_conn(conn)
  File "C:\Users\liven\AppData\Local\Programs\Python\Python311\Lib\site-packages\urllib3\connectionpool.py", line 1093, in _validate_conn
    conn.connect()
  File "C:\Users\liven\AppData\Local\Programs\Python\Python311\Lib\site-packages\urllib3\connection.py", line 759, in connect
    self.sock = sock = self._new_conn()
                       ^^^^^^^^^^^^^^^^
  File "C:\Users\liven\AppData\Local\Programs\Python\Python311\Lib\site-packages\urllib3\connection.py", line 211, in _new_conn
    raise NameResolutionError(self.host, self, e) from e
urllib3.exceptions.NameResolutionError: HTTPSConnection(host='api.notion.com', port=443): Failed to resolve 'api.notion.com' ([Errno 11001] getaddrinfo failed)

The above exception was the direct cause of the following exception:

Traceback (most recent call last):
  File "C:\Users\liven\AppData\Local\Programs\Python\Python311\Lib\site-packages\requests\adapters.py", line 644, in send
    resp = conn.urlopen(
           ^^^^^^^^^^^^^
  File "C:\Users\liven\AppData\Local\Programs\Python\Python311\Lib\site-packages\urllib3\connectionpool.py", line 841, in urlopen
    retries = retries.increment(
              ^^^^^^^^^^^^^^^^^^
  File "C:\Users\liven\AppData\Local\Programs\Python\Python311\Lib\site-packages\urllib3\util\retry.py", line 535, in increment
    raise MaxRetryError(_pool, url, reason) from reason  # type: ignore[arg-type]
    ^^^^^^^^^^^^^^^^^^^^^^^^^^^^^^^^^^^^^^^^^^^^^^^^^^^
urllib3.exceptions.MaxRetryError: HTTPSConnectionPool(host='api.notion.com', port=443): Max retries exceeded with url: /v1/blocks/2f30d907031e80cf99dde75385b67a72/children (Caused by NameResolutionError("HTTPSConnection(host='api.notion.com', port=443): Failed to resolve 'api.notion.com' ([Errno 11001] getaddrinfo failed)"))

During handling of the above exception, another exception occurred:

Traceback (most recent call last):
  File "C:\Users\liven\Downloads\notion-01-pet\update_age.py", line 489, in <module>
    main()
  File "C:\Users\liven\Downloads\notion-01-pet\update_age.py", line 456, in main
    ensure_settings_block(token, page_id, current_name, current_birthday)
  File "C:\Users\liven\Downloads\notion-01-pet\update_age.py", line 260, in ensure_settings_block
    res = requests.get(url, headers=headers)
          ^^^^^^^^^^^^^^^^^^^^^^^^^^^^^^^^^^
  File "C:\Users\liven\AppData\Local\Programs\Python\Python311\Lib\site-packages\requests\api.py", line 73, in get
    return request("get", url, params=params, **kwargs)
           ^^^^^^^^^^^^^^^^^^^^^^^^^^^^^^^^^^^^^^^^^^^^
  File "C:\Users\liven\AppData\Local\Programs\Python\Python311\Lib\site-packages\requests\api.py", line 59, in request
    return session.request(method=method, url=url, **kwargs)
           ^^^^^^^^^^^^^^^^^^^^^^^^^^^^^^^^^^^^^^^^^^^^^^^^^
  File "C:\Users\liven\AppData\Local\Programs\Python\Python311\Lib\site-packages\requests\sessions.py", line 589, in request
    resp = self.send(prep, **send_kwargs)
           ^^^^^^^^^^^^^^^^^^^^^^^^^^^^^^
  File "C:\Users\liven\AppData\Local\Programs\Python\Python311\Lib\site-packages\requests\sessions.py", line 703, in send
    r = adapter.send(request, **kwargs)
        ^^^^^^^^^^^^^^^^^^^^^^^^^^^^^^^
  File "C:\Users\liven\AppData\Local\Programs\Python\Python311\Lib\site-packages\requests\adapters.py", line 677, in send
    raise ConnectionError(e, request=request)
requests.exceptions.ConnectionError: HTTPSConnectionPool(host='api.notion.com', port=443): Max retries exceeded with url: /v1/blocks/2f30d907031e80cf99dde75385b67a72/children (Caused by NameResolutionError("HTTPSConnection(host='api.notion.com', port=443): Failed to resolve 'api.notion.com' ([Errno 11001] getaddrinfo failed)"))
